AH00558: apache2: Could not reliably determine the server's fully qualified domain name, using 172.20.0.5. Set the 'ServerName' directive globally to suppress this message
[Mon Jun 02 17:38:17.904745 2025] [mpm_prefork:notice] [pid 1:tid 1] AH00163: Apache/2.4.62 (Debian) PHP/8.3.21 OpenSSL/3.0.16 configured -- resuming normal operations
[Mon Jun 02 17:38:17.904916 2025] [core:notice] [pid 1:tid 1] AH00094: Command line: 'apache2 -D FOREGROUND'
AH00558: apache2: Could not reliably determine the server's fully qualified domain name, using 172.20.0.5. Set the 'ServerName' directive globally to suppress this message
[Tue Jun 03 07:53:30.362252 2025] [mpm_prefork:notice] [pid 1:tid 1] AH00163: Apache/2.4.62 (Debian) PHP/8.3.21 OpenSSL/3.0.16 configured -- resuming normal operations
[Tue Jun 03 07:53:30.363466 2025] [core:notice] [pid 1:tid 1] AH00094: Command line: 'apache2 -D FOREGROUND'
AH00558: apache2: Could not reliably determine the server's fully qualified domain name, using 172.20.0.5. Set the 'ServerName' directive globally to suppress this message
[Tue Jun 03 07:56:15.245783 2025] [mpm_prefork:notice] [pid 1:tid 1] AH00163: Apache/2.4.62 (Debian) PHP/8.3.21 OpenSSL/3.0.16 configured -- resuming normal operations
[Tue Jun 03 07:56:15.247990 2025] [core:notice] [pid 1:tid 1] AH00094: Command line: 'apache2 -D FOREGROUND'
[Tue Jun 03 08:00:44.687643 2025] [mpm_prefork:notice] [pid 1:tid 1] AH00170: caught SIGWINCH, shutting down gracefully
AH00558: apache2: Could not reliably determine the server's fully qualified domain name, using 172.20.0.5. Set the 'ServerName' directive globally to suppress this message
[Tue Jun 03 08:00:49.949710 2025] [mpm_prefork:notice] [pid 1:tid 1] AH00163: Apache/2.4.62 (Debian) PHP/8.3.21 OpenSSL/3.0.16 configured -- resuming normal operations
[Tue Jun 03 08:00:49.949881 2025] [core:notice] [pid 1:tid 1] AH00094: Command line: 'apache2 -D FOREGROUND'
[Tue Jun 03 10:57:28.288881 2025] [mpm_prefork:notice] [pid 1:tid 1] AH00170: caught SIGWINCH, shutting down gracefully
AH00558: apache2: Could not reliably determine the server's fully qualified domain name, using 172.20.0.5. Set the 'ServerName' directive globally to suppress this message
[Tue Jun 03 10:57:42.554511 2025] [mpm_prefork:notice] [pid 1:tid 1] AH00163: Apache/2.4.62 (Debian) PHP/8.3.21 OpenSSL/3.0.16 configured -- resuming normal operations
[Tue Jun 03 10:57:42.554682 2025] [core:notice] [pid 1:tid 1] AH00094: Command line: 'apache2 -D FOREGROUND'
AH00558: apache2: Could not reliably determine the server's fully qualified domain name, using 172.20.0.5. Set the 'ServerName' directive globally to suppress this message
[Wed Jun 04 09:48:07.016883 2025] [mpm_prefork:notice] [pid 1:tid 1] AH00163: Apache/2.4.62 (Debian) PHP/8.3.21 OpenSSL/3.0.16 configured -- resuming normal operations
[Wed Jun 04 09:48:07.017480 2025] [core:notice] [pid 1:tid 1] AH00094: Command line: 'apache2 -D FOREGROUND'
[Wed Jun 04 09:48:16.387024 2025] [mpm_prefork:notice] [pid 1:tid 1] AH00170: caught SIGWINCH, shutting down gracefully
AH00558: apache2: Could not reliably determine the server's fully qualified domain name, using 172.20.0.4. Set the 'ServerName' directive globally to suppress this message
[Wed Jun 04 09:48:33.140247 2025] [mpm_prefork:notice] [pid 1:tid 1] AH00163: Apache/2.4.62 (Debian) PHP/8.3.21 OpenSSL/3.0.16 configured -- resuming normal operations
[Wed Jun 04 09:48:33.141380 2025] [core:notice] [pid 1:tid 1] AH00094: Command line: 'apache2 -D FOREGROUND'
AH00558: apache2: Could not reliably determine the server's fully qualified domain name, using 172.20.0.5. Set the 'ServerName' directive globally to suppress this message
[Thu Jun 05 12:01:28.536235 2025] [mpm_prefork:notice] [pid 1:tid 1] AH00163: Apache/2.4.62 (Debian) PHP/8.3.21 OpenSSL/3.0.16 configured -- resuming normal operations
[Thu Jun 05 12:01:28.536359 2025] [core:notice] [pid 1:tid 1] AH00094: Command line: 'apache2 -D FOREGROUND'
AH00558: apache2: Could not reliably determine the server's fully qualified domain name, using 172.20.0.5. Set the 'ServerName' directive globally to suppress this message
[Thu Jun 05 17:29:59.168788 2025] [mpm_prefork:notice] [pid 1:tid 1] AH00163: Apache/2.4.62 (Debian) PHP/8.3.21 OpenSSL/3.0.16 configured -- resuming normal operations
[Thu Jun 05 17:29:59.168939 2025] [core:notice] [pid 1:tid 1] AH00094: Command line: 'apache2 -D FOREGROUND'
AH00558: apache2: Could not reliably determine the server's fully qualified domain name, using 172.20.0.5. Set the 'ServerName' directive globally to suppress this message
[Sat Jun 07 11:33:17.136218 2025] [mpm_prefork:notice] [pid 1:tid 1] AH00163: Apache/2.4.62 (Debian) PHP/8.3.21 OpenSSL/3.0.16 configured -- resuming normal operations
[Sat Jun 07 11:33:17.136596 2025] [core:notice] [pid 1:tid 1] AH00094: Command line: 'apache2 -D FOREGROUND'
[Sat Jun 07 11:37:00.577631 2025] [mpm_prefork:notice] [pid 1:tid 1] AH00170: caught SIGWINCH, shutting down gracefully
AH00558: apache2: Could not reliably determine the server's fully qualified domain name, using 172.20.0.5. Set the 'ServerName' directive globally to suppress this message
[Sat Jun 07 11:37:06.380123 2025] [mpm_prefork:notice] [pid 1:tid 1] AH00163: Apache/2.4.62 (Debian) PHP/8.3.22 OpenSSL/3.0.16 configured -- resuming normal operations
[Sat Jun 07 11:37:06.380281 2025] [core:notice] [pid 1:tid 1] AH00094: Command line: 'apache2 -D FOREGROUND'
[Sat Jun 07 12:54:03.002686 2025] [mpm_prefork:notice] [pid 1:tid 1] AH00170: caught SIGWINCH, shutting down gracefully
AH00558: apache2: Could not reliably determine the server's fully qualified domain name, using 172.20.0.5. Set the 'ServerName' directive globally to suppress this message
[Sat Jun 07 12:54:08.312351 2025] [mpm_prefork:notice] [pid 1:tid 1] AH00163: Apache/2.4.62 (Debian) PHP/8.3.22 OpenSSL/3.0.16 configured -- resuming normal operations
[Sat Jun 07 12:54:08.312520 2025] [core:notice] [pid 1:tid 1] AH00094: Command line: 'apache2 -D FOREGROUND'
[Sat Jun 07 13:01:19.777244 2025] [mpm_prefork:notice] [pid 1:tid 1] AH00170: caught SIGWINCH, shutting down gracefully
AH00558: apache2: Could not reliably determine the server's fully qualified domain name, using 172.20.0.5. Set the 'ServerName' directive globally to suppress this message
[Sat Jun 07 13:01:25.253419 2025] [mpm_prefork:notice] [pid 1:tid 1] AH00163: Apache/2.4.62 (Debian) PHP/8.3.22 OpenSSL/3.0.16 configured -- resuming normal operations
[Sat Jun 07 13:01:25.253574 2025] [core:notice] [pid 1:tid 1] AH00094: Command line: 'apache2 -D FOREGROUND'
AH00558: apache2: Could not reliably determine the server's fully qualified domain name, using 172.20.0.5. Set the 'ServerName' directive globally to suppress this message
[Sun Jun 08 11:37:28.188892 2025] [mpm_prefork:notice] [pid 1:tid 1] AH00163: Apache/2.4.62 (Debian) PHP/8.3.22 OpenSSL/3.0.16 configured -- resuming normal operations
[Sun Jun 08 11:37:28.200240 2025] [core:notice] [pid 1:tid 1] AH00094: Command line: 'apache2 -D FOREGROUND'
AH00558: apache2: Could not reliably determine the server's fully qualified domain name, using 172.20.0.4. Set the 'ServerName' directive globally to suppress this message
